Copyright 1986-2021 Xilinx, Inc. All Rights Reserved.
------------------------------------------------------------------------------------
| Tool Version : Vivado v.2021.1 (win64) Build 3247384 Thu Jun 10 19:36:33 MDT 2021
| Date         : Sat Nov 20 14:02:46 2021
| Host         : DESKTOP-1HKRSBO running 64-bit major release  (build 9200)
| Command      : upgrade_ip
| Device       : xc7a35tcpg236-1
------------------------------------------------------------------------------------

Upgrade Log for IP 'Calculator_total_binary_2_segment_0_0'

1. Summary
----------

CAUTION (success, with warnings) in the conversion of Calculator_total_binary_2_segment_0_0 (xilinx.com:user:binary_2_segment:1.0 (Rev. 2)) to Vivado generation flows.

After upgrade, an IP may have parameter and port differences compared to the original customization. Please review the parameters within the IP customization GUI to ensure proper functionality. Also, please review the updated IP instantiation template to ensure proper connectivity, and update your design if required.

2. Connection Warnings
----------------------

Detected external port differences while upgrading 'Calculator_total_binary_2_segment_0_0'. These changes may impact your design.


-Upgrade has removed port 'VDD'







Copyright 1986-2021 Xilinx, Inc. All Rights Reserved.
------------------------------------------------------------------------------------
| Tool Version : Vivado v.2021.1 (win64) Build 3247384 Thu Jun 10 19:36:33 MDT 2021
| Date         : Thu Nov 18 14:18:04 2021
| Host         : DESKTOP-1HKRSBO running 64-bit major release  (build 9200)
| Command      : upgrade_ip
| Device       : xc7a35tcpg236-1
------------------------------------------------------------------------------------

Upgrade Log for IP 'frequency_divider_frequency_4_divider_0_1'

1. Summary
----------

SUCCESS in the conversion of frequency_divider_frequency_4_divider_0_1 (xilinx.com:user:frequency_4_divider:1.0 (Rev. 2)) to Vivado generation flows.

